<?xml version='1.0'?>
<ns2:test-suite xmlns:ns2='urn:model.allure.qatools.yandex.ru' start='1652864720718' stop='1652864720931'>
    <name>Products API tests: List All Products List all products orderby</name>
    <title>Products API tests: List All Products List all products orderby</title>
    <test-cases>
        <test-case start='1652864720718' status='failed' stop='1652864720745'>
            <name>default</name>
            <title>default</title>
            <labels/>
            <parameters/>
            <steps/>
            <attachments/>
            <failure>
                <message>TypeError: logoProducts.map is not a function</message>
                <stack-trace>TypeError: logoProducts.map is not a function
                    at createSampleGroupedProduct (/home/runner/work/woocommerce/woocommerce/packages/js/api-core-tests/data/product-list.js:1133:35)
                    at processTicksAndRejections (node:internal/process/task_queues:96:5)
                    at createSampleData (/home/runner/work/woocommerce/woocommerce/packages/js/api-core-tests/data/product-list.js:1645:26)
                    at Object.&lt;anonymous> (/home/runner/work/woocommerce/woocommerce/packages/js/api-core-tests/tests/products/product-list.test.js:22:16)</stack-trace>
            </failure>
        </test-case>
        <test-case start='1652864720745' status='failed' stop='1652864720772'>
            <name>date</name>
            <title>date</title>
            <labels/>
            <parameters/>
            <steps/>
            <attachments/>
            <failure>
                <message>TypeError: logoProducts.map is not a function</message>
                <stack-trace>TypeError: logoProducts.map is not a function
                    at createSampleGroupedProduct (/home/runner/work/woocommerce/woocommerce/packages/js/api-core-tests/data/product-list.js:1133:35)
                    at processTicksAndRejections (node:internal/process/task_queues:96:5)
                    at createSampleData (/home/runner/work/woocommerce/woocommerce/packages/js/api-core-tests/data/product-list.js:1645:26)
                    at Object.&lt;anonymous> (/home/runner/work/woocommerce/woocommerce/packages/js/api-core-tests/tests/products/product-list.test.js:22:16)</stack-trace>
            </failure>
        </test-case>
        <test-case start='1652864720772' status='failed' stop='1652864720798'>
            <name>id</name>
            <title>id</title>
            <labels/>
            <parameters/>
            <steps/>
            <attachments/>
            <failure>
                <message>TypeError: logoProducts.map is not a function</message>
                <stack-trace>TypeError: logoProducts.map is not a function
                    at createSampleGroupedProduct (/home/runner/work/woocommerce/woocommerce/packages/js/api-core-tests/data/product-list.js:1133:35)
                    at processTicksAndRejections (node:internal/process/task_queues:96:5)
                    at createSampleData (/home/runner/work/woocommerce/woocommerce/packages/js/api-core-tests/data/product-list.js:1645:26)
                    at Object.&lt;anonymous> (/home/runner/work/woocommerce/woocommerce/packages/js/api-core-tests/tests/products/product-list.test.js:22:16)</stack-trace>
            </failure>
        </test-case>
        <test-case start='1652864720798' status='failed' stop='1652864720824'>
            <name>title</name>
            <title>title</title>
            <labels/>
            <parameters/>
            <steps/>
            <attachments/>
            <failure>
                <message>TypeError: logoProducts.map is not a function</message>
                <stack-trace>TypeError: logoProducts.map is not a function
                    at createSampleGroupedProduct (/home/runner/work/woocommerce/woocommerce/packages/js/api-core-tests/data/product-list.js:1133:35)
                    at processTicksAndRejections (node:internal/process/task_queues:96:5)
                    at createSampleData (/home/runner/work/woocommerce/woocommerce/packages/js/api-core-tests/data/product-list.js:1645:26)
                    at Object.&lt;anonymous> (/home/runner/work/woocommerce/woocommerce/packages/js/api-core-tests/tests/products/product-list.test.js:22:16)</stack-trace>
            </failure>
        </test-case>
        <test-case start='1652864720824' status='failed' stop='1652864720850'>
            <name>slug</name>
            <title>slug</title>
            <labels/>
            <parameters/>
            <steps/>
            <attachments/>
            <failure>
                <message>TypeError: logoProducts.map is not a function</message>
                <stack-trace>TypeError: logoProducts.map is not a function
                    at createSampleGroupedProduct (/home/runner/work/woocommerce/woocommerce/packages/js/api-core-tests/data/product-list.js:1133:35)
                    at processTicksAndRejections (node:internal/process/task_queues:96:5)
                    at createSampleData (/home/runner/work/woocommerce/woocommerce/packages/js/api-core-tests/data/product-list.js:1645:26)
                    at Object.&lt;anonymous> (/home/runner/work/woocommerce/woocommerce/packages/js/api-core-tests/tests/products/product-list.test.js:22:16)</stack-trace>
            </failure>
        </test-case>
        <test-case start='1652864720850' status='failed' stop='1652864720876'>
            <name>price</name>
            <title>price</title>
            <labels/>
            <parameters/>
            <steps/>
            <attachments/>
            <failure>
                <message>TypeError: logoProducts.map is not a function</message>
                <stack-trace>TypeError: logoProducts.map is not a function
                    at createSampleGroupedProduct (/home/runner/work/woocommerce/woocommerce/packages/js/api-core-tests/data/product-list.js:1133:35)
                    at processTicksAndRejections (node:internal/process/task_queues:96:5)
                    at createSampleData (/home/runner/work/woocommerce/woocommerce/packages/js/api-core-tests/data/product-list.js:1645:26)
                    at Object.&lt;anonymous> (/home/runner/work/woocommerce/woocommerce/packages/js/api-core-tests/tests/products/product-list.test.js:22:16)</stack-trace>
            </failure>
        </test-case>
        <test-case start='1652864720876' status='failed' stop='1652864720877'>
            <name>include</name>
            <title>include</title>
            <labels/>
            <parameters/>
            <steps/>
            <attachments/>
            <failure>
                <message>TypeError: logoProducts.map is not a function</message>
                <stack-trace>TypeError: logoProducts.map is not a function
                    at createSampleGroupedProduct (/home/runner/work/woocommerce/woocommerce/packages/js/api-core-tests/data/product-list.js:1133:35)
                    at processTicksAndRejections (node:internal/process/task_queues:96:5)
                    at createSampleData (/home/runner/work/woocommerce/woocommerce/packages/js/api-core-tests/data/product-list.js:1645:26)
                    at Object.&lt;anonymous> (/home/runner/work/woocommerce/woocommerce/packages/js/api-core-tests/tests/products/product-list.test.js:22:16)</stack-trace>
            </failure>
        </test-case>
        <test-case start='1652864720877' status='failed' stop='1652864720903'>
            <name>rating (desc)</name>
            <title>rating (desc)</title>
            <labels/>
            <parameters/>
            <steps/>
            <attachments/>
            <failure>
                <message>TypeError: logoProducts.map is not a function</message>
                <stack-trace>TypeError: logoProducts.map is not a function
                    at createSampleGroupedProduct (/home/runner/work/woocommerce/woocommerce/packages/js/api-core-tests/data/product-list.js:1133:35)
                    at processTicksAndRejections (node:internal/process/task_queues:96:5)
                    at createSampleData (/home/runner/work/woocommerce/woocommerce/packages/js/api-core-tests/data/product-list.js:1645:26)
                    at Object.&lt;anonymous> (/home/runner/work/woocommerce/woocommerce/packages/js/api-core-tests/tests/products/product-list.test.js:22:16)</stack-trace>
            </failure>
        </test-case>
        <test-case start='1652864720903' status='pending' stop='1652864720903'>
            <name>rating (asc)</name>
            <title>rating (asc)</title>
            <labels/>
            <parameters/>
            <steps/>
            <attachments/>
            <failure>
                <message>TypeError: logoProducts.map is not a function</message>
                <stack-trace>TypeError: logoProducts.map is not a function
                    at createSampleGroupedProduct (/home/runner/work/woocommerce/woocommerce/packages/js/api-core-tests/data/product-list.js:1133:35)
                    at processTicksAndRejections (node:internal/process/task_queues:96:5)
                    at createSampleData (/home/runner/work/woocommerce/woocommerce/packages/js/api-core-tests/data/product-list.js:1645:26)
                    at Object.&lt;anonymous> (/home/runner/work/woocommerce/woocommerce/packages/js/api-core-tests/tests/products/product-list.test.js:22:16)</stack-trace>
            </failure>
        </test-case>
        <test-case start='1652864720903' status='failed' stop='1652864720930'>
            <name>popularity (desc)</name>
            <title>popularity (desc)</title>
            <labels/>
            <parameters/>
            <steps/>
            <attachments/>
            <failure>
                <message>TypeError: logoProducts.map is not a function</message>
                <stack-trace>TypeError: logoProducts.map is not a function
                    at createSampleGroupedProduct (/home/runner/work/woocommerce/woocommerce/packages/js/api-core-tests/data/product-list.js:1133:35)
                    at processTicksAndRejections (node:internal/process/task_queues:96:5)
                    at createSampleData (/home/runner/work/woocommerce/woocommerce/packages/js/api-core-tests/data/product-list.js:1645:26)
                    at Object.&lt;anonymous> (/home/runner/work/woocommerce/woocommerce/packages/js/api-core-tests/tests/products/product-list.test.js:22:16)</stack-trace>
            </failure>
        </test-case>
        <test-case start='1652864720930' status='pending' stop='1652864720930'>
            <name>popularity (asc)</name>
            <title>popularity (asc)</title>
            <labels/>
            <parameters/>
            <steps/>
            <attachments/>
            <failure>
                <message>TypeError: logoProducts.map is not a function</message>
                <stack-trace>TypeError: logoProducts.map is not a function
                    at createSampleGroupedProduct (/home/runner/work/woocommerce/woocommerce/packages/js/api-core-tests/data/product-list.js:1133:35)
                    at processTicksAndRejections (node:internal/process/task_queues:96:5)
                    at createSampleData (/home/runner/work/woocommerce/woocommerce/packages/js/api-core-tests/data/product-list.js:1645:26)
                    at Object.&lt;anonymous> (/home/runner/work/woocommerce/woocommerce/packages/js/api-core-tests/tests/products/product-list.test.js:22:16)</stack-trace>
            </failure>
        </test-case>
    </test-cases>
</ns2:test-suite>