<?xml version='1.0'?>
<ns2:test-suite xmlns:ns2='urn:model.allure.qatools.yandex.ru' start='1652864720263' stop='1652864720940'>
    <name>Products API tests: List All Products List all products</name>
    <title>Products API tests: List All Products List all products</title>
    <test-cases>
        <test-case start='1652864720263' status='failed' stop='1652864720313'>
            <name>defaults</name>
            <title>defaults</title>
            <labels/>
            <parameters/>
            <steps/>
            <attachments/>
            <failure>
                <message>TypeError: logoProducts.map is not a function</message>
                <stack-trace>TypeError: logoProducts.map is not a function
                    at createSampleGroupedProduct (/home/runner/work/woocommerce/woocommerce/packages/js/api-core-tests/data/product-list.js:1133:35)
                    at processTicksAndRejections (node:internal/process/task_queues:96:5)
                    at createSampleData (/home/runner/work/woocommerce/woocommerce/packages/js/api-core-tests/data/product-list.js:1645:26)
                    at Object.&lt;anonymous> (/home/runner/work/woocommerce/woocommerce/packages/js/api-core-tests/tests/products/product-list.test.js:22:16)</stack-trace>
            </failure>
        </test-case>
        <test-case start='1652864720313' status='failed' stop='1652864720378'>
            <name>pagination</name>
            <title>pagination</title>
            <labels/>
            <parameters/>
            <steps/>
            <attachments/>
            <failure>
                <message>TypeError: logoProducts.map is not a function</message>
                <stack-trace>TypeError: logoProducts.map is not a function
                    at createSampleGroupedProduct (/home/runner/work/woocommerce/woocommerce/packages/js/api-core-tests/data/product-list.js:1133:35)
                    at processTicksAndRejections (node:internal/process/task_queues:96:5)
                    at createSampleData (/home/runner/work/woocommerce/woocommerce/packages/js/api-core-tests/data/product-list.js:1645:26)
                    at Object.&lt;anonymous> (/home/runner/work/woocommerce/woocommerce/packages/js/api-core-tests/tests/products/product-list.test.js:22:16)</stack-trace>
            </failure>
        </test-case>
        <test-case start='1652864720378' status='failed' stop='1652864720412'>
            <name>search</name>
            <title>search</title>
            <labels/>
            <parameters/>
            <steps/>
            <attachments/>
            <failure>
                <message>TypeError: logoProducts.map is not a function</message>
                <stack-trace>TypeError: logoProducts.map is not a function
                    at createSampleGroupedProduct (/home/runner/work/woocommerce/woocommerce/packages/js/api-core-tests/data/product-list.js:1133:35)
                    at processTicksAndRejections (node:internal/process/task_queues:96:5)
                    at createSampleData (/home/runner/work/woocommerce/woocommerce/packages/js/api-core-tests/data/product-list.js:1645:26)
                    at Object.&lt;anonymous> (/home/runner/work/woocommerce/woocommerce/packages/js/api-core-tests/tests/products/product-list.test.js:22:16)</stack-trace>
            </failure>
        </test-case>
        <test-case start='1652864720412' status='failed' stop='1652864720440'>
            <name>inclusion / exclusion</name>
            <title>inclusion / exclusion</title>
            <labels/>
            <parameters/>
            <steps/>
            <attachments/>
            <failure>
                <message>TypeError: logoProducts.map is not a function</message>
                <stack-trace>TypeError: logoProducts.map is not a function
                    at createSampleGroupedProduct (/home/runner/work/woocommerce/woocommerce/packages/js/api-core-tests/data/product-list.js:1133:35)
                    at processTicksAndRejections (node:internal/process/task_queues:96:5)
                    at createSampleData (/home/runner/work/woocommerce/woocommerce/packages/js/api-core-tests/data/product-list.js:1645:26)
                    at Object.&lt;anonymous> (/home/runner/work/woocommerce/woocommerce/packages/js/api-core-tests/tests/products/product-list.test.js:22:16)</stack-trace>
            </failure>
        </test-case>
        <test-case start='1652864720440' status='failed' stop='1652864720469'>
            <name>slug</name>
            <title>slug</title>
            <labels/>
            <parameters/>
            <steps/>
            <attachments/>
            <failure>
                <message>TypeError: logoProducts.map is not a function</message>
                <stack-trace>TypeError: logoProducts.map is not a function
                    at createSampleGroupedProduct (/home/runner/work/woocommerce/woocommerce/packages/js/api-core-tests/data/product-list.js:1133:35)
                    at processTicksAndRejections (node:internal/process/task_queues:96:5)
                    at createSampleData (/home/runner/work/woocommerce/woocommerce/packages/js/api-core-tests/data/product-list.js:1645:26)
                    at Object.&lt;anonymous> (/home/runner/work/woocommerce/woocommerce/packages/js/api-core-tests/tests/products/product-list.test.js:22:16)</stack-trace>
            </failure>
        </test-case>
        <test-case start='1652864720469' status='failed' stop='1652864720498'>
            <name>sku</name>
            <title>sku</title>
            <labels/>
            <parameters/>
            <steps/>
            <attachments/>
            <failure>
                <message>TypeError: logoProducts.map is not a function</message>
                <stack-trace>TypeError: logoProducts.map is not a function
                    at createSampleGroupedProduct (/home/runner/work/woocommerce/woocommerce/packages/js/api-core-tests/data/product-list.js:1133:35)
                    at processTicksAndRejections (node:internal/process/task_queues:96:5)
                    at createSampleData (/home/runner/work/woocommerce/woocommerce/packages/js/api-core-tests/data/product-list.js:1645:26)
                    at Object.&lt;anonymous> (/home/runner/work/woocommerce/woocommerce/packages/js/api-core-tests/tests/products/product-list.test.js:22:16)</stack-trace>
            </failure>
        </test-case>
        <test-case start='1652864720498' status='failed' stop='1652864720525'>
            <name>type</name>
            <title>type</title>
            <labels/>
            <parameters/>
            <steps/>
            <attachments/>
            <failure>
                <message>TypeError: logoProducts.map is not a function</message>
                <stack-trace>TypeError: logoProducts.map is not a function
                    at createSampleGroupedProduct (/home/runner/work/woocommerce/woocommerce/packages/js/api-core-tests/data/product-list.js:1133:35)
                    at processTicksAndRejections (node:internal/process/task_queues:96:5)
                    at createSampleData (/home/runner/work/woocommerce/woocommerce/packages/js/api-core-tests/data/product-list.js:1645:26)
                    at Object.&lt;anonymous> (/home/runner/work/woocommerce/woocommerce/packages/js/api-core-tests/tests/products/product-list.test.js:22:16)</stack-trace>
            </failure>
        </test-case>
        <test-case start='1652864720525' status='failed' stop='1652864720551'>
            <name>featured</name>
            <title>featured</title>
            <labels/>
            <parameters/>
            <steps/>
            <attachments/>
            <failure>
                <message>TypeError: logoProducts.map is not a function</message>
                <stack-trace>TypeError: logoProducts.map is not a function
                    at createSampleGroupedProduct (/home/runner/work/woocommerce/woocommerce/packages/js/api-core-tests/data/product-list.js:1133:35)
                    at processTicksAndRejections (node:internal/process/task_queues:96:5)
                    at createSampleData (/home/runner/work/woocommerce/woocommerce/packages/js/api-core-tests/data/product-list.js:1645:26)
                    at Object.&lt;anonymous> (/home/runner/work/woocommerce/woocommerce/packages/js/api-core-tests/tests/products/product-list.test.js:22:16)</stack-trace>
            </failure>
        </test-case>
        <test-case start='1652864720551' status='failed' stop='1652864720553'>
            <name>categories</name>
            <title>categories</title>
            <labels/>
            <parameters/>
            <steps/>
            <attachments/>
            <failure>
                <message>TypeError: logoProducts.map is not a function</message>
                <stack-trace>TypeError: logoProducts.map is not a function
                    at createSampleGroupedProduct (/home/runner/work/woocommerce/woocommerce/packages/js/api-core-tests/data/product-list.js:1133:35)
                    at processTicksAndRejections (node:internal/process/task_queues:96:5)
                    at createSampleData (/home/runner/work/woocommerce/woocommerce/packages/js/api-core-tests/data/product-list.js:1645:26)
                    at Object.&lt;anonymous> (/home/runner/work/woocommerce/woocommerce/packages/js/api-core-tests/tests/products/product-list.test.js:22:16)</stack-trace>
            </failure>
        </test-case>
        <test-case start='1652864720553' status='failed' stop='1652864720579'>
            <name>on sale</name>
            <title>on sale</title>
            <labels/>
            <parameters/>
            <steps/>
            <attachments/>
            <failure>
                <message>TypeError: logoProducts.map is not a function</message>
                <stack-trace>TypeError: logoProducts.map is not a function
                    at createSampleGroupedProduct (/home/runner/work/woocommerce/woocommerce/packages/js/api-core-tests/data/product-list.js:1133:35)
                    at processTicksAndRejections (node:internal/process/task_queues:96:5)
                    at createSampleData (/home/runner/work/woocommerce/woocommerce/packages/js/api-core-tests/data/product-list.js:1645:26)
                    at Object.&lt;anonymous> (/home/runner/work/woocommerce/woocommerce/packages/js/api-core-tests/tests/products/product-list.test.js:22:16)</stack-trace>
            </failure>
        </test-case>
        <test-case start='1652864720579' status='failed' stop='1652864720607'>
            <name>price</name>
            <title>price</title>
            <labels/>
            <parameters/>
            <steps/>
            <attachments/>
            <failure>
                <message>TypeError: logoProducts.map is not a function</message>
                <stack-trace>TypeError: logoProducts.map is not a function
                    at createSampleGroupedProduct (/home/runner/work/woocommerce/woocommerce/packages/js/api-core-tests/data/product-list.js:1133:35)
                    at processTicksAndRejections (node:internal/process/task_queues:96:5)
                    at createSampleData (/home/runner/work/woocommerce/woocommerce/packages/js/api-core-tests/data/product-list.js:1645:26)
                    at Object.&lt;anonymous> (/home/runner/work/woocommerce/woocommerce/packages/js/api-core-tests/tests/products/product-list.test.js:22:16)</stack-trace>
            </failure>
        </test-case>
        <test-case start='1652864720607' status='failed' stop='1652864720633'>
            <name>before / after</name>
            <title>before / after</title>
            <labels/>
            <parameters/>
            <steps/>
            <attachments/>
            <failure>
                <message>TypeError: logoProducts.map is not a function</message>
                <stack-trace>TypeError: logoProducts.map is not a function
                    at createSampleGroupedProduct (/home/runner/work/woocommerce/woocommerce/packages/js/api-core-tests/data/product-list.js:1133:35)
                    at processTicksAndRejections (node:internal/process/task_queues:96:5)
                    at createSampleData (/home/runner/work/woocommerce/woocommerce/packages/js/api-core-tests/data/product-list.js:1645:26)
                    at Object.&lt;anonymous> (/home/runner/work/woocommerce/woocommerce/packages/js/api-core-tests/tests/products/product-list.test.js:22:16)</stack-trace>
            </failure>
        </test-case>
        <test-case start='1652864720633' status='failed' stop='1652864720634'>
            <name>attributes</name>
            <title>attributes</title>
            <labels/>
            <parameters/>
            <steps/>
            <attachments/>
            <failure>
                <message>TypeError: logoProducts.map is not a function</message>
                <stack-trace>TypeError: logoProducts.map is not a function
                    at createSampleGroupedProduct (/home/runner/work/woocommerce/woocommerce/packages/js/api-core-tests/data/product-list.js:1133:35)
                    at processTicksAndRejections (node:internal/process/task_queues:96:5)
                    at createSampleData (/home/runner/work/woocommerce/woocommerce/packages/js/api-core-tests/data/product-list.js:1645:26)
                    at Object.&lt;anonymous> (/home/runner/work/woocommerce/woocommerce/packages/js/api-core-tests/tests/products/product-list.test.js:22:16)</stack-trace>
            </failure>
        </test-case>
        <test-case start='1652864720634' status='failed' stop='1652864720661'>
            <name>status</name>
            <title>status</title>
            <labels/>
            <parameters/>
            <steps/>
            <attachments/>
            <failure>
                <message>TypeError: logoProducts.map is not a function</message>
                <stack-trace>TypeError: logoProducts.map is not a function
                    at createSampleGroupedProduct (/home/runner/work/woocommerce/woocommerce/packages/js/api-core-tests/data/product-list.js:1133:35)
                    at processTicksAndRejections (node:internal/process/task_queues:96:5)
                    at createSampleData (/home/runner/work/woocommerce/woocommerce/packages/js/api-core-tests/data/product-list.js:1645:26)
                    at Object.&lt;anonymous> (/home/runner/work/woocommerce/woocommerce/packages/js/api-core-tests/tests/products/product-list.test.js:22:16)</stack-trace>
            </failure>
        </test-case>
        <test-case start='1652864720661' status='failed' stop='1652864720662'>
            <name>shipping class</name>
            <title>shipping class</title>
            <labels/>
            <parameters/>
            <steps/>
            <attachments/>
            <failure>
                <message>TypeError: logoProducts.map is not a function</message>
                <stack-trace>TypeError: logoProducts.map is not a function
                    at createSampleGroupedProduct (/home/runner/work/woocommerce/woocommerce/packages/js/api-core-tests/data/product-list.js:1133:35)
                    at processTicksAndRejections (node:internal/process/task_queues:96:5)
                    at createSampleData (/home/runner/work/woocommerce/woocommerce/packages/js/api-core-tests/data/product-list.js:1645:26)
                    at Object.&lt;anonymous> (/home/runner/work/woocommerce/woocommerce/packages/js/api-core-tests/tests/products/product-list.test.js:22:16)</stack-trace>
            </failure>
        </test-case>
        <test-case start='1652864720662' status='failed' stop='1652864720689'>
            <name>tax class</name>
            <title>tax class</title>
            <labels/>
            <parameters/>
            <steps/>
            <attachments/>
            <failure>
                <message>TypeError: logoProducts.map is not a function</message>
                <stack-trace>TypeError: logoProducts.map is not a function
                    at createSampleGroupedProduct (/home/runner/work/woocommerce/woocommerce/packages/js/api-core-tests/data/product-list.js:1133:35)
                    at processTicksAndRejections (node:internal/process/task_queues:96:5)
                    at createSampleData (/home/runner/work/woocommerce/woocommerce/packages/js/api-core-tests/data/product-list.js:1645:26)
                    at Object.&lt;anonymous> (/home/runner/work/woocommerce/woocommerce/packages/js/api-core-tests/tests/products/product-list.test.js:22:16)</stack-trace>
            </failure>
        </test-case>
        <test-case start='1652864720689' status='failed' stop='1652864720717'>
            <name>stock status</name>
            <title>stock status</title>
            <labels/>
            <parameters/>
            <steps/>
            <attachments/>
            <failure>
                <message>TypeError: logoProducts.map is not a function</message>
                <stack-trace>TypeError: logoProducts.map is not a function
                    at createSampleGroupedProduct (/home/runner/work/woocommerce/woocommerce/packages/js/api-core-tests/data/product-list.js:1133:35)
                    at processTicksAndRejections (node:internal/process/task_queues:96:5)
                    at createSampleData (/home/runner/work/woocommerce/woocommerce/packages/js/api-core-tests/data/product-list.js:1645:26)
                    at Object.&lt;anonymous> (/home/runner/work/woocommerce/woocommerce/packages/js/api-core-tests/tests/products/product-list.test.js:22:16)</stack-trace>
            </failure>
        </test-case>
        <test-case start='1652864720717' status='failed' stop='1652864720718'>
            <name>tags</name>
            <title>tags</title>
            <labels/>
            <parameters/>
            <steps/>
            <attachments/>
            <failure>
                <message>TypeError: logoProducts.map is not a function</message>
                <stack-trace>TypeError: logoProducts.map is not a function
                    at createSampleGroupedProduct (/home/runner/work/woocommerce/woocommerce/packages/js/api-core-tests/data/product-list.js:1133:35)
                    at processTicksAndRejections (node:internal/process/task_queues:96:5)
                    at createSampleData (/home/runner/work/woocommerce/woocommerce/packages/js/api-core-tests/data/product-list.js:1645:26)
                    at Object.&lt;anonymous> (/home/runner/work/woocommerce/woocommerce/packages/js/api-core-tests/tests/products/product-list.test.js:22:16)</stack-trace>
            </failure>
        </test-case>
        <test-case start='1652864720718' status='failed' stop='1652864720718'>
            <name>parent</name>
            <title>parent</title>
            <labels/>
            <parameters/>
            <steps/>
            <attachments/>
            <failure>
                <message>TypeError: logoProducts.map is not a function</message>
                <stack-trace>TypeError: logoProducts.map is not a function
                    at createSampleGroupedProduct (/home/runner/work/woocommerce/woocommerce/packages/js/api-core-tests/data/product-list.js:1133:35)
                    at processTicksAndRejections (node:internal/process/task_queues:96:5)
                    at createSampleData (/home/runner/work/woocommerce/woocommerce/packages/js/api-core-tests/data/product-list.js:1645:26)
                    at Object.&lt;anonymous> (/home/runner/work/woocommerce/woocommerce/packages/js/api-core-tests/tests/products/product-list.test.js:22:16)</stack-trace>
            </failure>
        </test-case>
    </test-cases>
</ns2:test-suite>