<?xml version='1.0'?>
<ns2:test-suite xmlns:ns2='urn:model.allure.qatools.yandex.ru' start='1654279013132' stop='1654279013315'>
    <name>Orders API tests List all orders</name>
    <title>Orders API tests List all orders</title>
    <test-cases>
        <test-case start='1654279013132' status='failed' stop='1654279013175'>
            <name>pagination</name>
            <title>pagination</title>
            <labels/>
            <parameters/>
            <steps/>
            <attachments/>
            <failure>
                <message>TypeError: logoProducts.map is not a function</message>
                <stack-trace>TypeError: logoProducts.map is not a function
                    at createSampleGroupedProduct (/home/runner/work/woocommerce/woocommerce/packages/js/api-core-tests/data/product-list.js:1133:35)
                    at processTicksAndRejections (node:internal/process/task_queues:96:5)
                    at Object.createSampleData (/home/runner/work/woocommerce/woocommerce/packages/js/api-core-tests/data/product-list.js:1645:26)
                    at createSampleData (/home/runner/work/woocommerce/woocommerce/packages/js/api-core-tests/data/orders.js:17:26)
                    at Object.&lt;anonymous> (/home/runner/work/woocommerce/woocommerce/packages/js/api-core-tests/tests/orders/orders.test.js:49:16)</stack-trace>
            </failure>
        </test-case>
        <test-case start='1654279013175' status='failed' stop='1654279013197'>
            <name>inclusion / exclusion</name>
            <title>inclusion / exclusion</title>
            <labels/>
            <parameters/>
            <steps/>
            <attachments/>
            <failure>
                <message>TypeError: logoProducts.map is not a function</message>
                <stack-trace>TypeError: logoProducts.map is not a function
                    at createSampleGroupedProduct (/home/runner/work/woocommerce/woocommerce/packages/js/api-core-tests/data/product-list.js:1133:35)
                    at processTicksAndRejections (node:internal/process/task_queues:96:5)
                    at Object.createSampleData (/home/runner/work/woocommerce/woocommerce/packages/js/api-core-tests/data/product-list.js:1645:26)
                    at createSampleData (/home/runner/work/woocommerce/woocommerce/packages/js/api-core-tests/data/orders.js:17:26)
                    at Object.&lt;anonymous> (/home/runner/work/woocommerce/woocommerce/packages/js/api-core-tests/tests/orders/orders.test.js:49:16)</stack-trace>
            </failure>
        </test-case>
        <test-case start='1654279013197' status='failed' stop='1654279013198'>
            <name>parent</name>
            <title>parent</title>
            <labels/>
            <parameters/>
            <steps/>
            <attachments/>
            <failure>
                <message>TypeError: logoProducts.map is not a function</message>
                <stack-trace>TypeError: logoProducts.map is not a function
                    at createSampleGroupedProduct (/home/runner/work/woocommerce/woocommerce/packages/js/api-core-tests/data/product-list.js:1133:35)
                    at processTicksAndRejections (node:internal/process/task_queues:96:5)
                    at Object.createSampleData (/home/runner/work/woocommerce/woocommerce/packages/js/api-core-tests/data/product-list.js:1645:26)
                    at createSampleData (/home/runner/work/woocommerce/woocommerce/packages/js/api-core-tests/data/orders.js:17:26)
                    at Object.&lt;anonymous> (/home/runner/work/woocommerce/woocommerce/packages/js/api-core-tests/tests/orders/orders.test.js:49:16)</stack-trace>
            </failure>
        </test-case>
        <test-case start='1654279013198' status='failed' stop='1654279013219'>
            <name>status</name>
            <title>status</title>
            <labels/>
            <parameters/>
            <steps/>
            <attachments/>
            <failure>
                <message>TypeError: logoProducts.map is not a function</message>
                <stack-trace>TypeError: logoProducts.map is not a function
                    at createSampleGroupedProduct (/home/runner/work/woocommerce/woocommerce/packages/js/api-core-tests/data/product-list.js:1133:35)
                    at processTicksAndRejections (node:internal/process/task_queues:96:5)
                    at Object.createSampleData (/home/runner/work/woocommerce/woocommerce/packages/js/api-core-tests/data/product-list.js:1645:26)
                    at createSampleData (/home/runner/work/woocommerce/woocommerce/packages/js/api-core-tests/data/orders.js:17:26)
                    at Object.&lt;anonymous> (/home/runner/work/woocommerce/woocommerce/packages/js/api-core-tests/tests/orders/orders.test.js:49:16)</stack-trace>
            </failure>
        </test-case>
        <test-case start='1654279013220' status='failed' stop='1654279013220'>
            <name>customer</name>
            <title>customer</title>
            <labels/>
            <parameters/>
            <steps/>
            <attachments/>
            <failure>
                <message>TypeError: logoProducts.map is not a function</message>
                <stack-trace>TypeError: logoProducts.map is not a function
                    at createSampleGroupedProduct (/home/runner/work/woocommerce/woocommerce/packages/js/api-core-tests/data/product-list.js:1133:35)
                    at processTicksAndRejections (node:internal/process/task_queues:96:5)
                    at Object.createSampleData (/home/runner/work/woocommerce/woocommerce/packages/js/api-core-tests/data/product-list.js:1645:26)
                    at createSampleData (/home/runner/work/woocommerce/woocommerce/packages/js/api-core-tests/data/orders.js:17:26)
                    at Object.&lt;anonymous> (/home/runner/work/woocommerce/woocommerce/packages/js/api-core-tests/tests/orders/orders.test.js:49:16)</stack-trace>
            </failure>
        </test-case>
        <test-case start='1654279013220' status='failed' stop='1654279013221'>
            <name>product</name>
            <title>product</title>
            <labels/>
            <parameters/>
            <steps/>
            <attachments/>
            <failure>
                <message>TypeError: logoProducts.map is not a function</message>
                <stack-trace>TypeError: logoProducts.map is not a function
                    at createSampleGroupedProduct (/home/runner/work/woocommerce/woocommerce/packages/js/api-core-tests/data/product-list.js:1133:35)
                    at processTicksAndRejections (node:internal/process/task_queues:96:5)
                    at Object.createSampleData (/home/runner/work/woocommerce/woocommerce/packages/js/api-core-tests/data/product-list.js:1645:26)
                    at createSampleData (/home/runner/work/woocommerce/woocommerce/packages/js/api-core-tests/data/orders.js:17:26)
                    at Object.&lt;anonymous> (/home/runner/work/woocommerce/woocommerce/packages/js/api-core-tests/tests/orders/orders.test.js:49:16)</stack-trace>
            </failure>
        </test-case>
        <test-case start='1654279013221' status='failed' stop='1654279013221'>
            <name>dp (precision)</name>
            <title>dp (precision)</title>
            <labels/>
            <parameters/>
            <steps/>
            <attachments/>
            <failure>
                <message>TypeError: logoProducts.map is not a function</message>
                <stack-trace>TypeError: logoProducts.map is not a function
                    at createSampleGroupedProduct (/home/runner/work/woocommerce/woocommerce/packages/js/api-core-tests/data/product-list.js:1133:35)
                    at processTicksAndRejections (node:internal/process/task_queues:96:5)
                    at Object.createSampleData (/home/runner/work/woocommerce/woocommerce/packages/js/api-core-tests/data/product-list.js:1645:26)
                    at createSampleData (/home/runner/work/woocommerce/woocommerce/packages/js/api-core-tests/data/orders.js:17:26)
                    at Object.&lt;anonymous> (/home/runner/work/woocommerce/woocommerce/packages/js/api-core-tests/tests/orders/orders.test.js:49:16)</stack-trace>
            </failure>
        </test-case>
        <test-case start='1654279013221' status='failed' stop='1654279013244'>
            <name>search</name>
            <title>search</title>
            <labels/>
            <parameters/>
            <steps/>
            <attachments/>
            <failure>
                <message>TypeError: logoProducts.map is not a function</message>
                <stack-trace>TypeError: logoProducts.map is not a function
                    at createSampleGroupedProduct (/home/runner/work/woocommerce/woocommerce/packages/js/api-core-tests/data/product-list.js:1133:35)
                    at processTicksAndRejections (node:internal/process/task_queues:96:5)
                    at Object.createSampleData (/home/runner/work/woocommerce/woocommerce/packages/js/api-core-tests/data/product-list.js:1645:26)
                    at createSampleData (/home/runner/work/woocommerce/woocommerce/packages/js/api-core-tests/data/orders.js:17:26)
                    at Object.&lt;anonymous> (/home/runner/work/woocommerce/woocommerce/packages/js/api-core-tests/tests/orders/orders.test.js:49:16)</stack-trace>
            </failure>
        </test-case>
    </test-cases>
</ns2:test-suite>