<?xml version='1.0'?>
<ns2:test-suite xmlns:ns2='urn:model.allure.qatools.yandex.ru' start='1653893709136' stop='1653893743574'>
    <name>Orders API tests List all orders</name>
    <title>Orders API tests List all orders</title>
    <test-cases>
        <test-case start='1653893709137' status='failed' stop='1653893714139'>
            <name>pagination</name>
            <title>pagination</title>
            <labels/>
            <parameters/>
            <steps/>
            <attachments/>
            <failure>
                <message>: Timeout - Async callback was not invoked within the 5000ms timeout specified by jest.setTimeout.</message>
                <stack-trace>Timeout - Async callback was not invoked within the 5000ms timeout specified by jest.setTimeout.Error: 
                    at new Spec (/home/runner/work/woocommerce/woocommerce/node_modules/.pnpm/jest-jasmine2@25.5.4/node_modules/jest-jasmine2/build/jasmine/Spec.js:116:22)
                    at new Spec (/home/runner/work/woocommerce/woocommerce/node_modules/.pnpm/jest-jasmine2@25.5.4/node_modules/jest-jasmine2/build/setup_jest_globals.js:78:9)
                    at specFactory (/home/runner/work/woocommerce/woocommerce/node_modules/.pnpm/jest-jasmine2@25.5.4/node_modules/jest-jasmine2/build/jasmine/Env.js:523:24)
                    at Env.it (/home/runner/work/woocommerce/woocommerce/node_modules/.pnpm/jest-jasmine2@25.5.4/node_modules/jest-jasmine2/build/jasmine/Env.js:592:24)
                    at Env.it (/home/runner/work/woocommerce/woocommerce/node_modules/.pnpm/jest-jasmine2@25.5.4/node_modules/jest-jasmine2/build/jasmineAsyncInstall.js:128:23)
                    at it (/home/runner/work/woocommerce/woocommerce/node_modules/.pnpm/jest-jasmine2@25.5.4/node_modules/jest-jasmine2/build/jasmine/jasmineLight.js:100:21)
                    at Suite.&lt;anonymous> (/home/runner/work/woocommerce/woocommerce/packages/js/api-core-tests/tests/orders/orders.test.js:96:3)
                    at addSpecsToSuite (/home/runner/work/woocommerce/woocommerce/node_modules/.pnpm/jest-jasmine2@25.5.4/node_modules/jest-jasmine2/build/jasmine/Env.js:444:51)
                    at Env.describe (/home/runner/work/woocommerce/woocommerce/node_modules/.pnpm/jest-jasmine2@25.5.4/node_modules/jest-jasmine2/build/jasmine/Env.js:414:11)
                    at describe (/home/runner/work/woocommerce/woocommerce/node_modules/.pnpm/jest-jasmine2@25.5.4/node_modules/jest-jasmine2/build/jasmine/jasmineLight.js:88:18)
                    at Suite.&lt;anonymous> (/home/runner/work/woocommerce/woocommerce/packages/js/api-core-tests/tests/orders/orders.test.js:93:2)
                    at addSpecsToSuite (/home/runner/work/woocommerce/woocommerce/node_modules/.pnpm/jest-jasmine2@25.5.4/node_modules/jest-jasmine2/build/jasmine/Env.js:444:51)
                    at Env.describe (/home/runner/work/woocommerce/woocommerce/node_modules/.pnpm/jest-jasmine2@25.5.4/node_modules/jest-jasmine2/build/jasmine/Env.js:414:11)
                    at describe (/home/runner/work/woocommerce/woocommerce/node_modules/.pnpm/jest-jasmine2@25.5.4/node_modules/jest-jasmine2/build/jasmine/jasmineLight.js:88:18)
                    at Object.&lt;anonymous> (/home/runner/work/woocommerce/woocommerce/packages/js/api-core-tests/tests/orders/orders.test.js:45:1)
                    at Runtime._execModule (/home/runner/work/woocommerce/woocommerce/node_modules/.pnpm/jest-runtime@25.5.4/node_modules/jest-runtime/build/index.js:1205:24)
                    at Runtime._loadModule (/home/runner/work/woocommerce/woocommerce/node_modules/.pnpm/jest-runtime@25.5.4/node_modules/jest-runtime/build/index.js:805:12)
                    at Runtime.requireModule (/home/runner/work/woocommerce/woocommerce/node_modules/.pnpm/jest-runtime@25.5.4/node_modules/jest-runtime/build/index.js:662:10)
                    at jasmine2 (/home/runner/work/woocommerce/woocommerce/node_modules/.pnpm/jest-jasmine2@25.5.4/node_modules/jest-jasmine2/build/index.js:228:13)
                    at runTestInternal (/home/runner/work/woocommerce/woocommerce/node_modules/.pnpm/jest-runner@25.5.4/node_modules/jest-runner/build/runTest.js:385:22)
                    at runTest (/home/runner/work/woocommerce/woocommerce/node_modules/.pnpm/jest-runner@25.5.4/node_modules/jest-runner/build/runTest.js:465:34)</stack-trace>
            </failure>
        </test-case>
        <test-case start='1653893714139' status='passed' stop='1653893717864'>
            <name>inclusion / exclusion</name>
            <title>inclusion / exclusion</title>
            <labels/>
            <parameters/>
            <steps/>
            <attachments/>
        </test-case>
        <test-case start='1653893717864' status='failed' stop='1653893722865'>
            <name>parent</name>
            <title>parent</title>
            <labels/>
            <parameters/>
            <steps/>
            <attachments/>
            <failure>
                <message>: Timeout - Async callback was not invoked within the 5000ms timeout specified by jest.setTimeout.</message>
                <stack-trace>Timeout - Async callback was not invoked within the 5000ms timeout specified by jest.setTimeout.Error: 
                    at new Spec (/home/runner/work/woocommerce/woocommerce/node_modules/.pnpm/jest-jasmine2@25.5.4/node_modules/jest-jasmine2/build/jasmine/Spec.js:116:22)
                    at new Spec (/home/runner/work/woocommerce/woocommerce/node_modules/.pnpm/jest-jasmine2@25.5.4/node_modules/jest-jasmine2/build/setup_jest_globals.js:78:9)
                    at specFactory (/home/runner/work/woocommerce/woocommerce/node_modules/.pnpm/jest-jasmine2@25.5.4/node_modules/jest-jasmine2/build/jasmine/Env.js:523:24)
                    at Env.it (/home/runner/work/woocommerce/woocommerce/node_modules/.pnpm/jest-jasmine2@25.5.4/node_modules/jest-jasmine2/build/jasmine/Env.js:592:24)
                    at Env.it (/home/runner/work/woocommerce/woocommerce/node_modules/.pnpm/jest-jasmine2@25.5.4/node_modules/jest-jasmine2/build/jasmineAsyncInstall.js:128:23)
                    at it (/home/runner/work/woocommerce/woocommerce/node_modules/.pnpm/jest-jasmine2@25.5.4/node_modules/jest-jasmine2/build/jasmine/jasmineLight.js:100:21)
                    at Suite.&lt;anonymous> (/home/runner/work/woocommerce/woocommerce/packages/js/api-core-tests/tests/orders/orders.test.js:206:3)
                    at addSpecsToSuite (/home/runner/work/woocommerce/woocommerce/node_modules/.pnpm/jest-jasmine2@25.5.4/node_modules/jest-jasmine2/build/jasmine/Env.js:444:51)
                    at Env.describe (/home/runner/work/woocommerce/woocommerce/node_modules/.pnpm/jest-jasmine2@25.5.4/node_modules/jest-jasmine2/build/jasmine/Env.js:414:11)
                    at describe (/home/runner/work/woocommerce/woocommerce/node_modules/.pnpm/jest-jasmine2@25.5.4/node_modules/jest-jasmine2/build/jasmine/jasmineLight.js:88:18)
                    at Suite.&lt;anonymous> (/home/runner/work/woocommerce/woocommerce/packages/js/api-core-tests/tests/orders/orders.test.js:93:2)
                    at addSpecsToSuite (/home/runner/work/woocommerce/woocommerce/node_modules/.pnpm/jest-jasmine2@25.5.4/node_modules/jest-jasmine2/build/jasmine/Env.js:444:51)
                    at Env.describe (/home/runner/work/woocommerce/woocommerce/node_modules/.pnpm/jest-jasmine2@25.5.4/node_modules/jest-jasmine2/build/jasmine/Env.js:414:11)
                    at describe (/home/runner/work/woocommerce/woocommerce/node_modules/.pnpm/jest-jasmine2@25.5.4/node_modules/jest-jasmine2/build/jasmine/jasmineLight.js:88:18)
                    at Object.&lt;anonymous> (/home/runner/work/woocommerce/woocommerce/packages/js/api-core-tests/tests/orders/orders.test.js:45:1)
                    at Runtime._execModule (/home/runner/work/woocommerce/woocommerce/node_modules/.pnpm/jest-runtime@25.5.4/node_modules/jest-runtime/build/index.js:1205:24)
                    at Runtime._loadModule (/home/runner/work/woocommerce/woocommerce/node_modules/.pnpm/jest-runtime@25.5.4/node_modules/jest-runtime/build/index.js:805:12)
                    at Runtime.requireModule (/home/runner/work/woocommerce/woocommerce/node_modules/.pnpm/jest-runtime@25.5.4/node_modules/jest-runtime/build/index.js:662:10)
                    at jasmine2 (/home/runner/work/woocommerce/woocommerce/node_modules/.pnpm/jest-jasmine2@25.5.4/node_modules/jest-jasmine2/build/index.js:228:13)
                    at runTestInternal (/home/runner/work/woocommerce/woocommerce/node_modules/.pnpm/jest-runner@25.5.4/node_modules/jest-runner/build/runTest.js:385:22)
                    at runTest (/home/runner/work/woocommerce/woocommerce/node_modules/.pnpm/jest-runner@25.5.4/node_modules/jest-runner/build/runTest.js:465:34)</stack-trace>
            </failure>
        </test-case>
        <test-case start='1653893722865' status='passed' stop='1653893725191'>
            <name>status</name>
            <title>status</title>
            <labels/>
            <parameters/>
            <steps/>
            <attachments/>
        </test-case>
        <test-case start='1653893725191' status='failed' stop='1653893726338'>
            <name>customer</name>
            <title>customer</title>
            <labels/>
            <parameters/>
            <steps/>
            <attachments/>
            <failure>
                <message>Error: expect(received).toHaveLength(expected)
                
                Expected length: 5
                Received length: 10
                Received array:  [[Object], [Object], [Object], [Object], [Object], [Object], [Object], [Object], [Object], [Object]]</message>
                <stack-trace>Error: expect(received).toHaveLength(expected)
                
                Expected length: 5
                Received length: 10
                Received array:  [[Object], [Object], [Object], [Object], [Object], [Object], [Object], [Object], [Object], [Object]]
                    at Object.&lt;anonymous> (/home/runner/work/woocommerce/woocommerce/packages/js/api-core-tests/tests/orders/orders.test.js:288:27)
                    at processTicksAndRejections (node:internal/process/task_queues:96:5)</stack-trace>
            </failure>
        </test-case>
        <test-case start='1653893726338' status='passed' stop='1653893727365'>
            <name>product</name>
            <title>product</title>
            <labels/>
            <parameters/>
            <steps/>
            <attachments/>
        </test-case>
        <test-case start='1653893727365' status='passed' stop='1653893730556'>
            <name>dp (precision)</name>
            <title>dp (precision)</title>
            <labels/>
            <parameters/>
            <steps/>
            <attachments/>
        </test-case>
        <test-case start='1653893730556' status='failed' stop='1653893735558'>
            <name>search</name>
            <title>search</title>
            <labels/>
            <parameters/>
            <steps/>
            <attachments/>
            <failure>
                <message>: Timeout - Async callback was not invoked within the 5000ms timeout specified by jest.setTimeout.</message>
                <stack-trace>Timeout - Async callback was not invoked within the 5000ms timeout specified by jest.setTimeout.Error: 
                    at new Spec (/home/runner/work/woocommerce/woocommerce/node_modules/.pnpm/jest-jasmine2@25.5.4/node_modules/jest-jasmine2/build/jasmine/Spec.js:116:22)
                    at new Spec (/home/runner/work/woocommerce/woocommerce/node_modules/.pnpm/jest-jasmine2@25.5.4/node_modules/jest-jasmine2/build/setup_jest_globals.js:78:9)
                    at specFactory (/home/runner/work/woocommerce/woocommerce/node_modules/.pnpm/jest-jasmine2@25.5.4/node_modules/jest-jasmine2/build/jasmine/Env.js:523:24)
                    at Env.it (/home/runner/work/woocommerce/woocommerce/node_modules/.pnpm/jest-jasmine2@25.5.4/node_modules/jest-jasmine2/build/jasmine/Env.js:592:24)
                    at Env.it (/home/runner/work/woocommerce/woocommerce/node_modules/.pnpm/jest-jasmine2@25.5.4/node_modules/jest-jasmine2/build/jasmineAsyncInstall.js:128:23)
                    at it (/home/runner/work/woocommerce/woocommerce/node_modules/.pnpm/jest-jasmine2@25.5.4/node_modules/jest-jasmine2/build/jasmine/jasmineLight.js:100:21)
                    at Suite.&lt;anonymous> (/home/runner/work/woocommerce/woocommerce/packages/js/api-core-tests/tests/orders/orders.test.js:402:3)
                    at addSpecsToSuite (/home/runner/work/woocommerce/woocommerce/node_modules/.pnpm/jest-jasmine2@25.5.4/node_modules/jest-jasmine2/build/jasmine/Env.js:444:51)
                    at Env.describe (/home/runner/work/woocommerce/woocommerce/node_modules/.pnpm/jest-jasmine2@25.5.4/node_modules/jest-jasmine2/build/jasmine/Env.js:414:11)
                    at describe (/home/runner/work/woocommerce/woocommerce/node_modules/.pnpm/jest-jasmine2@25.5.4/node_modules/jest-jasmine2/build/jasmine/jasmineLight.js:88:18)
                    at Suite.&lt;anonymous> (/home/runner/work/woocommerce/woocommerce/packages/js/api-core-tests/tests/orders/orders.test.js:93:2)
                    at addSpecsToSuite (/home/runner/work/woocommerce/woocommerce/node_modules/.pnpm/jest-jasmine2@25.5.4/node_modules/jest-jasmine2/build/jasmine/Env.js:444:51)
                    at Env.describe (/home/runner/work/woocommerce/woocommerce/node_modules/.pnpm/jest-jasmine2@25.5.4/node_modules/jest-jasmine2/build/jasmine/Env.js:414:11)
                    at describe (/home/runner/work/woocommerce/woocommerce/node_modules/.pnpm/jest-jasmine2@25.5.4/node_modules/jest-jasmine2/build/jasmine/jasmineLight.js:88:18)
                    at Object.&lt;anonymous> (/home/runner/work/woocommerce/woocommerce/packages/js/api-core-tests/tests/orders/orders.test.js:45:1)
                    at Runtime._execModule (/home/runner/work/woocommerce/woocommerce/node_modules/.pnpm/jest-runtime@25.5.4/node_modules/jest-runtime/build/index.js:1205:24)
                    at Runtime._loadModule (/home/runner/work/woocommerce/woocommerce/node_modules/.pnpm/jest-runtime@25.5.4/node_modules/jest-runtime/build/index.js:805:12)
                    at Runtime.requireModule (/home/runner/work/woocommerce/woocommerce/node_modules/.pnpm/jest-runtime@25.5.4/node_modules/jest-runtime/build/index.js:662:10)
                    at jasmine2 (/home/runner/work/woocommerce/woocommerce/node_modules/.pnpm/jest-jasmine2@25.5.4/node_modules/jest-jasmine2/build/index.js:228:13)
                    at runTestInternal (/home/runner/work/woocommerce/woocommerce/node_modules/.pnpm/jest-runner@25.5.4/node_modules/jest-runner/build/runTest.js:385:22)
                    at runTest (/home/runner/work/woocommerce/woocommerce/node_modules/.pnpm/jest-runner@25.5.4/node_modules/jest-runner/build/runTest.js:465:34)</stack-trace>
            </failure>
        </test-case>
    </test-cases>
</ns2:test-suite>