<?xml version='1.0'?>
<ns2:test-suite xmlns:ns2='urn:model.allure.qatools.yandex.ru' start='1654146670403' stop='1654146683297'>
    <name>Orders API tests List all orders</name>
    <title>Orders API tests List all orders</title>
    <test-cases>
        <test-case start='1654146670403' status='failed' stop='1654146673358'>
            <name>pagination</name>
            <title>pagination</title>
            <labels/>
            <parameters/>
            <steps/>
            <attachments/>
            <failure>
                <message>TypeError: Cannot read properties of undefined (reading 'id')</message>
                <stack-trace>TypeError: Cannot read properties of undefined (reading 'id')
                    at createSampleProductReviews (/home/runner/work/woocommerce/woocommerce/packages/js/api-core-tests/data/product-list.js:1573:59)
                    at Object.createSampleData (/home/runner/work/woocommerce/woocommerce/packages/js/api-core-tests/data/product-list.js:1652:26)
                    at processTicksAndRejections (node:internal/process/task_queues:96:5)
                    at createSampleData (/home/runner/work/woocommerce/woocommerce/packages/js/api-core-tests/data/orders.js:17:26)
                    at Object.&lt;anonymous> (/home/runner/work/woocommerce/woocommerce/packages/js/api-core-tests/tests/orders/orders.test.js:49:16)</stack-trace>
            </failure>
        </test-case>
        <test-case start='1654146673358' status='failed' stop='1654146674813'>
            <name>inclusion / exclusion</name>
            <title>inclusion / exclusion</title>
            <labels/>
            <parameters/>
            <steps/>
            <attachments/>
            <failure>
                <message>TypeError: Cannot read properties of undefined (reading 'id')</message>
                <stack-trace>TypeError: Cannot read properties of undefined (reading 'id')
                    at createSampleProductReviews (/home/runner/work/woocommerce/woocommerce/packages/js/api-core-tests/data/product-list.js:1573:59)
                    at Object.createSampleData (/home/runner/work/woocommerce/woocommerce/packages/js/api-core-tests/data/product-list.js:1652:26)
                    at processTicksAndRejections (node:internal/process/task_queues:96:5)
                    at createSampleData (/home/runner/work/woocommerce/woocommerce/packages/js/api-core-tests/data/orders.js:17:26)
                    at Object.&lt;anonymous> (/home/runner/work/woocommerce/woocommerce/packages/js/api-core-tests/tests/orders/orders.test.js:49:16)</stack-trace>
            </failure>
        </test-case>
        <test-case start='1654146674813' status='failed' stop='1654146674814'>
            <name>parent</name>
            <title>parent</title>
            <labels/>
            <parameters/>
            <steps/>
            <attachments/>
            <failure>
                <message>TypeError: Cannot read properties of undefined (reading 'id')</message>
                <stack-trace>TypeError: Cannot read properties of undefined (reading 'id')
                    at createSampleProductReviews (/home/runner/work/woocommerce/woocommerce/packages/js/api-core-tests/data/product-list.js:1573:59)
                    at Object.createSampleData (/home/runner/work/woocommerce/woocommerce/packages/js/api-core-tests/data/product-list.js:1652:26)
                    at processTicksAndRejections (node:internal/process/task_queues:96:5)
                    at createSampleData (/home/runner/work/woocommerce/woocommerce/packages/js/api-core-tests/data/orders.js:17:26)
                    at Object.&lt;anonymous> (/home/runner/work/woocommerce/woocommerce/packages/js/api-core-tests/tests/orders/orders.test.js:49:16)</stack-trace>
            </failure>
        </test-case>
        <test-case start='1654146674814' status='failed' stop='1654146676266'>
            <name>status</name>
            <title>status</title>
            <labels/>
            <parameters/>
            <steps/>
            <attachments/>
            <failure>
                <message>TypeError: Cannot read properties of undefined (reading 'id')</message>
                <stack-trace>TypeError: Cannot read properties of undefined (reading 'id')
                    at createSampleProductReviews (/home/runner/work/woocommerce/woocommerce/packages/js/api-core-tests/data/product-list.js:1573:59)
                    at Object.createSampleData (/home/runner/work/woocommerce/woocommerce/packages/js/api-core-tests/data/product-list.js:1652:26)
                    at processTicksAndRejections (node:internal/process/task_queues:96:5)
                    at createSampleData (/home/runner/work/woocommerce/woocommerce/packages/js/api-core-tests/data/orders.js:17:26)
                    at Object.&lt;anonymous> (/home/runner/work/woocommerce/woocommerce/packages/js/api-core-tests/tests/orders/orders.test.js:49:16)</stack-trace>
            </failure>
        </test-case>
        <test-case start='1654146676266' status='failed' stop='1654146676267'>
            <name>customer</name>
            <title>customer</title>
            <labels/>
            <parameters/>
            <steps/>
            <attachments/>
            <failure>
                <message>TypeError: Cannot read properties of undefined (reading 'id')</message>
                <stack-trace>TypeError: Cannot read properties of undefined (reading 'id')
                    at createSampleProductReviews (/home/runner/work/woocommerce/woocommerce/packages/js/api-core-tests/data/product-list.js:1573:59)
                    at Object.createSampleData (/home/runner/work/woocommerce/woocommerce/packages/js/api-core-tests/data/product-list.js:1652:26)
                    at processTicksAndRejections (node:internal/process/task_queues:96:5)
                    at createSampleData (/home/runner/work/woocommerce/woocommerce/packages/js/api-core-tests/data/orders.js:17:26)
                    at Object.&lt;anonymous> (/home/runner/work/woocommerce/woocommerce/packages/js/api-core-tests/tests/orders/orders.test.js:49:16)</stack-trace>
            </failure>
        </test-case>
        <test-case start='1654146676267' status='failed' stop='1654146676267'>
            <name>product</name>
            <title>product</title>
            <labels/>
            <parameters/>
            <steps/>
            <attachments/>
            <failure>
                <message>TypeError: Cannot read properties of undefined (reading 'id')</message>
                <stack-trace>TypeError: Cannot read properties of undefined (reading 'id')
                    at createSampleProductReviews (/home/runner/work/woocommerce/woocommerce/packages/js/api-core-tests/data/product-list.js:1573:59)
                    at Object.createSampleData (/home/runner/work/woocommerce/woocommerce/packages/js/api-core-tests/data/product-list.js:1652:26)
                    at processTicksAndRejections (node:internal/process/task_queues:96:5)
                    at createSampleData (/home/runner/work/woocommerce/woocommerce/packages/js/api-core-tests/data/orders.js:17:26)
                    at Object.&lt;anonymous> (/home/runner/work/woocommerce/woocommerce/packages/js/api-core-tests/tests/orders/orders.test.js:49:16)</stack-trace>
            </failure>
        </test-case>
        <test-case start='1654146676267' status='failed' stop='1654146676268'>
            <name>dp (precision)</name>
            <title>dp (precision)</title>
            <labels/>
            <parameters/>
            <steps/>
            <attachments/>
            <failure>
                <message>TypeError: Cannot read properties of undefined (reading 'id')</message>
                <stack-trace>TypeError: Cannot read properties of undefined (reading 'id')
                    at createSampleProductReviews (/home/runner/work/woocommerce/woocommerce/packages/js/api-core-tests/data/product-list.js:1573:59)
                    at Object.createSampleData (/home/runner/work/woocommerce/woocommerce/packages/js/api-core-tests/data/product-list.js:1652:26)
                    at processTicksAndRejections (node:internal/process/task_queues:96:5)
                    at createSampleData (/home/runner/work/woocommerce/woocommerce/packages/js/api-core-tests/data/orders.js:17:26)
                    at Object.&lt;anonymous> (/home/runner/work/woocommerce/woocommerce/packages/js/api-core-tests/tests/orders/orders.test.js:49:16)</stack-trace>
            </failure>
        </test-case>
        <test-case start='1654146676268' status='failed' stop='1654146677675'>
            <name>search</name>
            <title>search</title>
            <labels/>
            <parameters/>
            <steps/>
            <attachments/>
            <failure>
                <message>TypeError: Cannot read properties of undefined (reading 'id')</message>
                <stack-trace>TypeError: Cannot read properties of undefined (reading 'id')
                    at createSampleProductReviews (/home/runner/work/woocommerce/woocommerce/packages/js/api-core-tests/data/product-list.js:1573:59)
                    at Object.createSampleData (/home/runner/work/woocommerce/woocommerce/packages/js/api-core-tests/data/product-list.js:1652:26)
                    at processTicksAndRejections (node:internal/process/task_queues:96:5)
                    at createSampleData (/home/runner/work/woocommerce/woocommerce/packages/js/api-core-tests/data/orders.js:17:26)
                    at Object.&lt;anonymous> (/home/runner/work/woocommerce/woocommerce/packages/js/api-core-tests/tests/orders/orders.test.js:49:16)</stack-trace>
            </failure>
        </test-case>
    </test-cases>
</ns2:test-suite>