<?xml version='1.0'?>
<ns2:test-suite xmlns:ns2='urn:model.allure.qatools.yandex.ru' start='1653893757067' stop='1653893764439'>
    <name>Coupons API tests Batch update coupons</name>
    <title>Coupons API tests Batch update coupons</title>
    <test-cases>
        <test-case start='1653893757067' status='failed' stop='1653893762069'>
            <name>can batch create coupons</name>
            <title>can batch create coupons</title>
            <labels/>
            <parameters/>
            <steps/>
            <attachments/>
            <failure>
                <message>: Timeout - Async callback was not invoked within the 5000ms timeout specified by jest.setTimeout.</message>
                <stack-trace>Timeout - Async callback was not invoked within the 5000ms timeout specified by jest.setTimeout.Error: 
                    at new Spec (/home/runner/work/woocommerce/woocommerce/node_modules/.pnpm/jest-jasmine2@25.5.4/node_modules/jest-jasmine2/build/jasmine/Spec.js:116:22)
                    at new Spec (/home/runner/work/woocommerce/woocommerce/node_modules/.pnpm/jest-jasmine2@25.5.4/node_modules/jest-jasmine2/build/setup_jest_globals.js:78:9)
                    at specFactory (/home/runner/work/woocommerce/woocommerce/node_modules/.pnpm/jest-jasmine2@25.5.4/node_modules/jest-jasmine2/build/jasmine/Env.js:523:24)
                    at Env.it (/home/runner/work/woocommerce/woocommerce/node_modules/.pnpm/jest-jasmine2@25.5.4/node_modules/jest-jasmine2/build/jasmine/Env.js:592:24)
                    at Env.it (/home/runner/work/woocommerce/woocommerce/node_modules/.pnpm/jest-jasmine2@25.5.4/node_modules/jest-jasmine2/build/jasmineAsyncInstall.js:128:23)
                    at it (/home/runner/work/woocommerce/woocommerce/node_modules/.pnpm/jest-jasmine2@25.5.4/node_modules/jest-jasmine2/build/jasmine/jasmineLight.js:100:21)
                    at Suite.&lt;anonymous> (/home/runner/work/woocommerce/woocommerce/packages/js/api-core-tests/tests/coupons/coupons.test.js:88:3)
                    at addSpecsToSuite (/home/runner/work/woocommerce/woocommerce/node_modules/.pnpm/jest-jasmine2@25.5.4/node_modules/jest-jasmine2/build/jasmine/Env.js:444:51)
                    at Env.describe (/home/runner/work/woocommerce/woocommerce/node_modules/.pnpm/jest-jasmine2@25.5.4/node_modules/jest-jasmine2/build/jasmine/Env.js:414:11)
                    at describe (/home/runner/work/woocommerce/woocommerce/node_modules/.pnpm/jest-jasmine2@25.5.4/node_modules/jest-jasmine2/build/jasmine/jasmineLight.js:88:18)
                    at Suite.&lt;anonymous> (/home/runner/work/woocommerce/woocommerce/packages/js/api-core-tests/tests/coupons/coupons.test.js:70:2)
                    at addSpecsToSuite (/home/runner/work/woocommerce/woocommerce/node_modules/.pnpm/jest-jasmine2@25.5.4/node_modules/jest-jasmine2/build/jasmine/Env.js:444:51)
                    at Env.describe (/home/runner/work/woocommerce/woocommerce/node_modules/.pnpm/jest-jasmine2@25.5.4/node_modules/jest-jasmine2/build/jasmine/Env.js:414:11)
                    at describe (/home/runner/work/woocommerce/woocommerce/node_modules/.pnpm/jest-jasmine2@25.5.4/node_modules/jest-jasmine2/build/jasmine/jasmineLight.js:88:18)
                    at Object.&lt;anonymous> (/home/runner/work/woocommerce/woocommerce/packages/js/api-core-tests/tests/coupons/coupons.test.js:12:1)
                    at Runtime._execModule (/home/runner/work/woocommerce/woocommerce/node_modules/.pnpm/jest-runtime@25.5.4/node_modules/jest-runtime/build/index.js:1205:24)
                    at Runtime._loadModule (/home/runner/work/woocommerce/woocommerce/node_modules/.pnpm/jest-runtime@25.5.4/node_modules/jest-runtime/build/index.js:805:12)
                    at Runtime.requireModule (/home/runner/work/woocommerce/woocommerce/node_modules/.pnpm/jest-runtime@25.5.4/node_modules/jest-runtime/build/index.js:662:10)
                    at jasmine2 (/home/runner/work/woocommerce/woocommerce/node_modules/.pnpm/jest-jasmine2@25.5.4/node_modules/jest-jasmine2/build/index.js:228:13)
                    at runTestInternal (/home/runner/work/woocommerce/woocommerce/node_modules/.pnpm/jest-runner@25.5.4/node_modules/jest-runner/build/runTest.js:385:22)
                    at runTest (/home/runner/work/woocommerce/woocommerce/node_modules/.pnpm/jest-runner@25.5.4/node_modules/jest-runner/build/runTest.js:465:34)</stack-trace>
            </failure>
        </test-case>
        <test-case start='1653893762069' status='failed' stop='1653893763313'>
            <name>can batch update coupons</name>
            <title>can batch update coupons</title>
            <labels/>
            <parameters/>
            <steps/>
            <attachments/>
            <failure>
                <message>Error: expect(received).toEqual(expected) // deep equality
                
                Expected: undefined
                Received: null</message>
                <stack-trace>Error: expect(received).toEqual(expected) // deep equality
                
                Expected: undefined
                Received: null
                    at Object.&lt;anonymous> (/home/runner/work/woocommerce/woocommerce/packages/js/api-core-tests/tests/coupons/coupons.test.js:142:37)
                    at processTicksAndRejections (node:internal/process/task_queues:96:5)</stack-trace>
            </failure>
        </test-case>
        <test-case start='1653893763313' status='failed' stop='1653893764439'>
            <name>can batch delete coupons</name>
            <title>can batch delete coupons</title>
            <labels/>
            <parameters/>
            <steps/>
            <attachments/>
            <failure>
                <message>TypeError: Cannot read properties of undefined (reading 'map')</message>
                <stack-trace>TypeError: Cannot read properties of undefined (reading 'map')
                    at Object.&lt;anonymous> (/home/runner/work/woocommerce/woocommerce/packages/js/api-core-tests/tests/coupons/coupons.test.js:161:61)
                    at processTicksAndRejections (node:internal/process/task_queues:96:5)</stack-trace>
            </failure>
        </test-case>
    </test-cases>
</ns2:test-suite>