<?xml version='1.0'?>
<ns2:test-suite xmlns:ns2='urn:model.allure.qatools.yandex.ru' start='1653621368007' stop='1653621370824'>
    <name>Coupons API tests</name>
    <title>Coupons API tests</title>
    <test-cases>
        <test-case start='1653621368007' status='failed' stop='1653621369199'>
            <name>can create a coupon</name>
            <title>can create a coupon</title>
            <labels/>
            <parameters/>
            <steps/>
            <attachments/>
            <failure>
                <message>SyntaxError: Unexpected token &lt; in JSON at position 0</message>
                <stack-trace>SyntaxError: Unexpected token &lt; in JSON at position 0
                    at JSON.parse (&lt;anonymous>)
                    at IncomingMessage.&lt;anonymous> (/home/runner/work/woocommerce/woocommerce/node_modules/.pnpm/superagent@6.1.0/node_modules/superagent/src/node/parsers/json.js:11:31)
                    at IncomingMessage.emit (node:events:539:35)
                    at endReadableNT (node:internal/streams/readable:1345:12)
                    at processTicksAndRejections (node:internal/process/task_queues:83:21)</stack-trace>
            </failure>
        </test-case>
        <test-case start='1653621369199' status='failed' stop='1653621369214'>
            <name>can retrieve a coupon</name>
            <title>can retrieve a coupon</title>
            <labels/>
            <parameters/>
            <steps/>
            <attachments/>
            <failure>
                <message>SyntaxError: Unexpected token &lt; in JSON at position 0</message>
                <stack-trace>SyntaxError: Unexpected token &lt; in JSON at position 0
                    at JSON.parse (&lt;anonymous>)
                    at IncomingMessage.&lt;anonymous> (/home/runner/work/woocommerce/woocommerce/node_modules/.pnpm/superagent@6.1.0/node_modules/superagent/src/node/parsers/json.js:11:31)
                    at IncomingMessage.emit (node:events:539:35)
                    at endReadableNT (node:internal/streams/readable:1345:12)
                    at processTicksAndRejections (node:internal/process/task_queues:83:21)</stack-trace>
            </failure>
        </test-case>
        <test-case start='1653621369215' status='failed' stop='1653621369363'>
            <name>can update a coupon</name>
            <title>can update a coupon</title>
            <labels/>
            <parameters/>
            <steps/>
            <attachments/>
            <failure>
                <message>Error: expect(received).toEqual(expected) // deep equality
                
                Expected: 200
                Received: 404</message>
                <stack-trace>Error: expect(received).toEqual(expected) // deep equality
                
                Expected: 200
                Received: 404
                    at Object.&lt;anonymous> (/home/runner/work/woocommerce/woocommerce/packages/js/api-core-tests/tests/coupons/coupons.test.js:38:33)
                    at processTicksAndRejections (node:internal/process/task_queues:96:5)</stack-trace>
            </failure>
        </test-case>
        <test-case start='1653621369363' status='passed' stop='1653621369518'>
            <name>can permanently delete a coupon</name>
            <title>can permanently delete a coupon</title>
            <labels/>
            <parameters/>
            <steps/>
            <attachments/>
        </test-case>
    </test-cases>
</ns2:test-suite>