<?xml version='1.0'?>
<ns2:test-suite xmlns:ns2='urn:model.allure.qatools.yandex.ru' start='1653625154445' stop='1653625157280'>
    <name>Coupons API tests</name>
    <title>Coupons API tests</title>
    <test-cases>
        <test-case start='1653625154445' status='passed' stop='1653625155572'>
            <name>can create a coupon</name>
            <title>can create a coupon</title>
            <labels/>
            <parameters/>
            <steps/>
            <attachments/>
        </test-case>
        <test-case start='1653625155572' status='failed' stop='1653625155594'>
            <name>can retrieve a coupon</name>
            <title>can retrieve a coupon</title>
            <labels/>
            <parameters/>
            <steps/>
            <attachments/>
            <failure>
                <message>SyntaxError: Unexpected token &lt; in JSON at position 0</message>
                <stack-trace>SyntaxError: Unexpected token &lt; in JSON at position 0
                    at JSON.parse (&lt;anonymous>)
                    at IncomingMessage.&lt;anonymous> (/home/runner/work/woocommerce/woocommerce/node_modules/.pnpm/superagent@6.1.0/node_modules/superagent/src/node/parsers/json.js:11:31)
                    at IncomingMessage.emit (node:events:539:35)
                    at endReadableNT (node:internal/streams/readable:1345:12)
                    at processTicksAndRejections (node:internal/process/task_queues:83:21)</stack-trace>
            </failure>
        </test-case>
        <test-case start='1653625155594' status='failed' stop='1653625155635'>
            <name>can update a coupon</name>
            <title>can update a coupon</title>
            <labels/>
            <parameters/>
            <steps/>
            <attachments/>
            <failure>
                <message>SyntaxError: Unexpected token &lt; in JSON at position 0</message>
                <stack-trace>SyntaxError: Unexpected token &lt; in JSON at position 0
                    at JSON.parse (&lt;anonymous>)
                    at IncomingMessage.&lt;anonymous> (/home/runner/work/woocommerce/woocommerce/node_modules/.pnpm/superagent@6.1.0/node_modules/superagent/src/node/parsers/json.js:11:31)
                    at IncomingMessage.emit (node:events:539:35)
                    at endReadableNT (node:internal/streams/readable:1345:12)
                    at processTicksAndRejections (node:internal/process/task_queues:83:21)</stack-trace>
            </failure>
        </test-case>
        <test-case start='1653625155635' status='passed' stop='1653625155919'>
            <name>can permanently delete a coupon</name>
            <title>can permanently delete a coupon</title>
            <labels/>
            <parameters/>
            <steps/>
            <attachments/>
        </test-case>
    </test-cases>
</ns2:test-suite>